cl : command line  warning D9002: ignoring unknown option '/arch:SSE'
  OnlyWheat.cpp
C:\Users\laser\Documents\GitHub\OnlyWheat\OnlyWheat\OnlyWheat.cpp(27,10): warning C4067: unexpected tokens following preprocessor directive - expected a newline
C:\Users\laser\Documents\GitHub\OnlyWheat\OnlyWheat\TileGrid.hpp(30,62): warning C4244: 'argument': conversion from 'int' to 'T', possible loss of data
C:\Users\laser\Documents\GitHub\OnlyWheat\OnlyWheat\TileGrid.hpp(30,62): warning C4244:         with
C:\Users\laser\Documents\GitHub\OnlyWheat\OnlyWheat\TileGrid.hpp(30,62): warning C4244:         [
C:\Users\laser\Documents\GitHub\OnlyWheat\OnlyWheat\TileGrid.hpp(30,62): warning C4244:             T=float
C:\Users\laser\Documents\GitHub\OnlyWheat\OnlyWheat\TileGrid.hpp(30,62): warning C4244:         ]
  (compiling source file 'OnlyWheat.cpp')
  
C:\Users\laser\Documents\GitHub\OnlyWheat\OnlyWheat\TileGrid.hpp(30,39): warning C4244: 'argument': conversion from 'int' to 'T', possible loss of data
C:\Users\laser\Documents\GitHub\OnlyWheat\OnlyWheat\TileGrid.hpp(30,39): warning C4244:         with
C:\Users\laser\Documents\GitHub\OnlyWheat\OnlyWheat\TileGrid.hpp(30,39): warning C4244:         [
C:\Users\laser\Documents\GitHub\OnlyWheat\OnlyWheat\TileGrid.hpp(30,39): warning C4244:             T=float
C:\Users\laser\Documents\GitHub\OnlyWheat\OnlyWheat\TileGrid.hpp(30,39): warning C4244:         ]
  (compiling source file 'OnlyWheat.cpp')
  
C:\Users\laser\Documents\GitHub\OnlyWheat\OnlyWheat\TileGrid.hpp(243,73): warning C4244: 'argument': conversion from 'int' to 'T', possible loss of data
C:\Users\laser\Documents\GitHub\OnlyWheat\OnlyWheat\TileGrid.hpp(243,73): warning C4244:         with
C:\Users\laser\Documents\GitHub\OnlyWheat\OnlyWheat\TileGrid.hpp(243,73): warning C4244:         [
C:\Users\laser\Documents\GitHub\OnlyWheat\OnlyWheat\TileGrid.hpp(243,73): warning C4244:             T=float
C:\Users\laser\Documents\GitHub\OnlyWheat\OnlyWheat\TileGrid.hpp(243,73): warning C4244:         ]
  (compiling source file 'OnlyWheat.cpp')
  
C:\Users\laser\Documents\GitHub\OnlyWheat\OnlyWheat\TileGrid.hpp(243,48): warning C4244: 'argument': conversion from 'int' to 'T', possible loss of data
C:\Users\laser\Documents\GitHub\OnlyWheat\OnlyWheat\TileGrid.hpp(243,48): warning C4244:         with
C:\Users\laser\Documents\GitHub\OnlyWheat\OnlyWheat\TileGrid.hpp(243,48): warning C4244:         [
C:\Users\laser\Documents\GitHub\OnlyWheat\OnlyWheat\TileGrid.hpp(243,48): warning C4244:             T=float
C:\Users\laser\Documents\GitHub\OnlyWheat\OnlyWheat\TileGrid.hpp(243,48): warning C4244:         ]
  (compiling source file 'OnlyWheat.cpp')
  
C:\Users\laser\Documents\GitHub\OnlyWheat\OnlyWheat\TileGrid.hpp(249,11): warning C4244: 'initializing': conversion from 'int' to 'float', possible loss of data
  (compiling source file 'OnlyWheat.cpp')
  
C:\Users\laser\Documents\GitHub\OnlyWheat\OnlyWheat\TileGrid.hpp(307,45): warning C4244: '*=': conversion from 'double' to 'float', possible loss of data
  (compiling source file 'OnlyWheat.cpp')
  
C:\Users\laser\Documents\GitHub\OnlyWheat\OnlyWheat\TileGrid.hpp(371,45): warning C4244: '*=': conversion from 'double' to 'float', possible loss of data
  (compiling source file 'OnlyWheat.cpp')
  
C:\Users\laser\Documents\GitHub\OnlyWheat\OnlyWheat\OnlyWheat.cpp(56,52): warning C4244: 'argument': conversion from 'float' to 'int', possible loss of data
C:\Users\laser\Documents\GitHub\OnlyWheat\OnlyWheat\OnlyWheat.cpp(92,22): warning C4834: discarding return value of function with [[nodiscard]] attribute
C:\Users\laser\Documents\GitHub\OnlyWheat\OnlyWheat\OnlyWheat.cpp(116,29): warning C4834: discarding return value of function with [[nodiscard]] attribute
C:\Users\laser\Documents\GitHub\OnlyWheat\OnlyWheat\OnlyWheat.cpp(117,29): warning C4834: discarding return value of function with [[nodiscard]] attribute
C:\Users\laser\Documents\GitHub\OnlyWheat\OnlyWheat\OnlyWheat.cpp(118,29): warning C4834: discarding return value of function with [[nodiscard]] attribute
C:\Users\laser\Documents\GitHub\OnlyWheat\OnlyWheat\OnlyWheat.cpp(119,29): warning C4834: discarding return value of function with [[nodiscard]] attribute
C:\Users\laser\Documents\GitHub\OnlyWheat\OnlyWheat\OnlyWheat.cpp(120,29): warning C4834: discarding return value of function with [[nodiscard]] attribute
C:\Users\laser\Documents\GitHub\OnlyWheat\OnlyWheat\OnlyWheat.cpp(121,29): warning C4834: discarding return value of function with [[nodiscard]] attribute
C:\Users\laser\Documents\GitHub\OnlyWheat\OnlyWheat\OnlyWheat.cpp(122,29): warning C4834: discarding return value of function with [[nodiscard]] attribute
C:\Users\laser\Documents\GitHub\OnlyWheat\OnlyWheat\OnlyWheat.cpp(123,29): warning C4834: discarding return value of function with [[nodiscard]] attribute
C:\Users\laser\Documents\GitHub\OnlyWheat\OnlyWheat\OnlyWheat.cpp(124,29): warning C4834: discarding return value of function with [[nodiscard]] attribute
C:\Users\laser\Documents\GitHub\OnlyWheat\OnlyWheat\OnlyWheat.cpp(125,29): warning C4834: discarding return value of function with [[nodiscard]] attribute
C:\Users\laser\Documents\GitHub\OnlyWheat\OnlyWheat\OnlyWheat.cpp(126,30): warning C4834: discarding return value of function with [[nodiscard]] attribute
C:\Users\laser\Documents\GitHub\OnlyWheat\OnlyWheat\OnlyWheat.cpp(127,30): warning C4834: discarding return value of function with [[nodiscard]] attribute
C:\Users\laser\Documents\GitHub\OnlyWheat\OnlyWheat\OnlyWheat.cpp(134,33): warning C4834: discarding return value of function with [[nodiscard]] attribute
C:\Users\laser\Documents\GitHub\OnlyWheat\OnlyWheat\OnlyWheat.cpp(135,31): warning C4834: discarding return value of function with [[nodiscard]] attribute
C:\Users\laser\Documents\GitHub\OnlyWheat\OnlyWheat\OnlyWheat.cpp(136,31): warning C4834: discarding return value of function with [[nodiscard]] attribute
C:\Users\laser\Documents\GitHub\OnlyWheat\OnlyWheat\OnlyWheat.cpp(137,31): warning C4834: discarding return value of function with [[nodiscard]] attribute
C:\Users\laser\Documents\GitHub\OnlyWheat\OnlyWheat\OnlyWheat.cpp(138,31): warning C4834: discarding return value of function with [[nodiscard]] attribute
C:\Users\laser\Documents\GitHub\OnlyWheat\OnlyWheat\OnlyWheat.cpp(139,31): warning C4834: discarding return value of function with [[nodiscard]] attribute
C:\Users\laser\Documents\GitHub\OnlyWheat\OnlyWheat\OnlyWheat.cpp(140,31): warning C4834: discarding return value of function with [[nodiscard]] attribute
C:\Users\laser\Documents\GitHub\OnlyWheat\OnlyWheat\OnlyWheat.cpp(141,31): warning C4834: discarding return value of function with [[nodiscard]] attribute
C:\Users\laser\Documents\GitHub\OnlyWheat\OnlyWheat\OnlyWheat.cpp(142,31): warning C4834: discarding return value of function with [[nodiscard]] attribute
C:\Users\laser\Documents\GitHub\OnlyWheat\OnlyWheat\OnlyWheat.cpp(143,31): warning C4834: discarding return value of function with [[nodiscard]] attribute
C:\Users\laser\Documents\GitHub\OnlyWheat\OnlyWheat\OnlyWheat.cpp(149,60): warning C4244: 'argument': conversion from 'int' to 'T', possible loss of data
C:\Users\laser\Documents\GitHub\OnlyWheat\OnlyWheat\OnlyWheat.cpp(149,60): warning C4244:         with
C:\Users\laser\Documents\GitHub\OnlyWheat\OnlyWheat\OnlyWheat.cpp(149,60): warning C4244:         [
C:\Users\laser\Documents\GitHub\OnlyWheat\OnlyWheat\OnlyWheat.cpp(149,60): warning C4244:             T=float
C:\Users\laser\Documents\GitHub\OnlyWheat\OnlyWheat\OnlyWheat.cpp(149,60): warning C4244:         ]
C:\Users\laser\Documents\GitHub\OnlyWheat\OnlyWheat\OnlyWheat.cpp(161,20): warning C4244: '+=': conversion from 'float' to 'int', possible loss of data
C:\Users\laser\Documents\GitHub\OnlyWheat\OnlyWheat\OnlyWheat.cpp(187,35): warning C4244: 'initializing': conversion from 'T' to 'float', possible loss of data
C:\Users\laser\Documents\GitHub\OnlyWheat\OnlyWheat\OnlyWheat.cpp(187,35): warning C4244:         with
C:\Users\laser\Documents\GitHub\OnlyWheat\OnlyWheat\OnlyWheat.cpp(187,35): warning C4244:         [
C:\Users\laser\Documents\GitHub\OnlyWheat\OnlyWheat\OnlyWheat.cpp(187,35): warning C4244:             T=unsigned int
C:\Users\laser\Documents\GitHub\OnlyWheat\OnlyWheat\OnlyWheat.cpp(187,35): warning C4244:         ]
C:\Users\laser\Documents\GitHub\OnlyWheat\OnlyWheat\OnlyWheat.cpp(363,33): warning C4305: '=': truncation from 'double' to 'float'
C:\Users\laser\Documents\GitHub\OnlyWheat\OnlyWheat\OnlyWheat.cpp(380,169): warning C4244: 'argument': conversion from 'double' to 'uint8_t', possible loss of data
C:\Users\laser\Documents\GitHub\OnlyWheat\OnlyWheat\OnlyWheat.cpp(380,124): warning C4244: 'argument': conversion from 'double' to 'uint8_t', possible loss of data
C:\Users\laser\Documents\GitHub\OnlyWheat\OnlyWheat\OnlyWheat.cpp(380,80): warning C4244: 'argument': conversion from 'double' to 'uint8_t', possible loss of data
C:\Users\laser\Documents\GitHub\OnlyWheat\OnlyWheat\OnlyWheat.cpp(391,169): warning C4244: 'argument': conversion from 'double' to 'uint8_t', possible loss of data
C:\Users\laser\Documents\GitHub\OnlyWheat\OnlyWheat\OnlyWheat.cpp(391,124): warning C4244: 'argument': conversion from 'double' to 'uint8_t', possible loss of data
C:\Users\laser\Documents\GitHub\OnlyWheat\OnlyWheat\OnlyWheat.cpp(391,80): warning C4244: 'argument': conversion from 'double' to 'uint8_t', possible loss of data
C:\Users\laser\Documents\GitHub\OnlyWheat\OnlyWheat\OnlyWheat.cpp(411,180): warning C4244: 'argument': conversion from 'double' to 'uint8_t', possible loss of data
C:\Users\laser\Documents\GitHub\OnlyWheat\OnlyWheat\OnlyWheat.cpp(411,135): warning C4244: 'argument': conversion from 'double' to 'uint8_t', possible loss of data
C:\Users\laser\Documents\GitHub\OnlyWheat\OnlyWheat\OnlyWheat.cpp(411,91): warning C4244: 'argument': conversion from 'double' to 'uint8_t', possible loss of data
C:\Program Files\Microsoft Visual Studio\2022\Community\VC\Tools\MSVC\14.42.34433\include\xutility(392,75): warning C4244: 'argument': conversion from 'int' to 'float', possible loss of data
  (compiling source file 'OnlyWheat.cpp')
      C:\Program Files\Microsoft Visual Studio\2022\Community\VC\Tools\MSVC\14.42.34433\include\xutility(392,75):
      the template instantiation context (the oldest one first) is
          C:\Users\laser\Documents\GitHub\OnlyWheat\OnlyWheat\TileGrid.hpp(215,9):
          see reference to function template instantiation 'Tile &std::vector<Tile,std::allocator<Tile>>::emplace_back<int&,int,sf::Vector2f,int&,bool>(int &,int &&,sf::Vector2f &&,int &,bool &&)' being compiled
          C:\Program Files\Microsoft Visual Studio\2022\Community\VC\Tools\MSVC\14.42.34433\include\vector(858,24):
          see reference to function template instantiation '_Ty &std::vector<_Ty,std::allocator<_Ty>>::_Emplace_one_at_back<int&,int,sf::Vector2<float>,int&,bool>(int &,int &&,sf::Vector2<float> &&,int &,bool &&)' being compiled
          with
          [
              _Ty=Tile
          ]
          C:\Program Files\Microsoft Visual Studio\2022\Community\VC\Tools\MSVC\14.42.34433\include\vector(776,20):
          see reference to function template instantiation '_Ty &std::vector<_Ty,std::allocator<_Ty>>::_Emplace_back_with_unused_capacity<int&,int,sf::Vector2<float>,int&,bool>(int &,int &&,sf::Vector2<float> &&,int &,bool &&)' being compiled
          with
          [
              _Ty=Tile
          ]
          C:\Program Files\Microsoft Visual Studio\2022\Community\VC\Tools\MSVC\14.42.34433\include\vector(794,27):
          see reference to function template instantiation 'void std::_Default_allocator_traits<_Alloc>::construct<_Ty,int&,int,sf::Vector2<float>,int&,bool>(_Alloc &,_Objty *const ,int &,int &&,sf::Vector2<float> &&,int &,bool &&)' being compiled
          with
          [
              _Alloc=std::allocator<Tile>,
              _Ty=Tile,
              _Objty=Tile
          ]
          C:\Program Files\Microsoft Visual Studio\2022\Community\VC\Tools\MSVC\14.42.34433\include\xmemory(698,14):
          see reference to function template instantiation '_Ty *std::construct_at<_Objty,int&,int,sf::Vector2<float>,int&,bool>(_Ty *const ,int &,int &&,sf::Vector2<float> &&,int &,bool &&) noexcept(<expr>)' being compiled
          with
          [
              _Ty=Tile,
              _Objty=Tile
          ]
  
C:\Program Files\Microsoft Visual Studio\2022\Community\VC\Tools\MSVC\14.42.34433\include\xutility(393,90): warning C4244: 'argument': conversion from 'int' to 'float', possible loss of data
  (compiling source file 'OnlyWheat.cpp')
      C:\Program Files\Microsoft Visual Studio\2022\Community\VC\Tools\MSVC\14.42.34433\include\xutility(393,90):
      the template instantiation context (the oldest one first) is
          C:\Program Files\Microsoft Visual Studio\2022\Community\VC\Tools\MSVC\14.42.34433\include\vector(794,27):
          see reference to function template instantiation 'void std::_Default_allocator_traits<_Alloc>::construct<_Ty,int&,int,sf::Vector2<float>,int&,bool>(_Alloc &,_Objty *const ,int &,int &&,sf::Vector2<float> &&,int &,bool &&)' being compiled
          with
          [
              _Alloc=std::allocator<Tile>,
              _Ty=Tile,
              _Objty=Tile
          ]
          C:\Program Files\Microsoft Visual Studio\2022\Community\VC\Tools\MSVC\14.42.34433\include\xmemory(698,14):
          see reference to function template instantiation '_Ty *std::construct_at<_Objty,int&,int,sf::Vector2<float>,int&,bool>(_Ty *const ,int &,int &&,sf::Vector2<float> &&,int &,bool &&) noexcept(false)' being compiled
          with
          [
              _Ty=Tile,
              _Objty=Tile
          ]
  
  OnlyWheat.obj : MSIL .netmodule or module compiled with /GL found; restarting link with /LTCG; add /LTCG to the link command line to improve linker performance
LINK : warning LNK4075: ignoring '/INCREMENTAL' due to '/LTCG' specification
MSVCRTD.lib(initializers.obj) : warning LNK4098: defaultlib 'msvcrt.lib' conflicts with use of other libs; use /NODEFAULTLIB:library
  Generating code
C:\Users\laser\Documents\GitHub\OnlyWheat\OnlyWheat\TileGrid.hpp(68): warning C4715: 'Tile::GetSprite': not all control paths return a value
  Finished generating code
sfml-system-s-d.lib(Clock.obj) : warning LNK4099: PDB '' was not found with 'sfml-system-s-d.lib(Clock.obj)' or at ''; linking object as if no debug info
sfml-system-s-d.lib(String.obj) : warning LNK4099: PDB '' was not found with 'sfml-system-s-d.lib(String.obj)' or at ''; linking object as if no debug info
sfml-window-s-d.lib(Window.obj) : warning LNK4099: PDB '' was not found with 'sfml-window-s-d.lib(Window.obj)' or at ''; linking object as if no debug info
sfml-window-s-d.lib(WindowBase.obj) : warning LNK4099: PDB '' was not found with 'sfml-window-s-d.lib(WindowBase.obj)' or at ''; linking object as if no debug info
sfml-window-s-d.lib(Keyboard.obj) : warning LNK4099: PDB '' was not found with 'sfml-window-s-d.lib(Keyboard.obj)' or at ''; linking object as if no debug info
sfml-window-s-d.lib(VideoMode.obj) : warning LNK4099: PDB '' was not found with 'sfml-window-s-d.lib(VideoMode.obj)' or at ''; linking object as if no debug info
sfml-window-s-d.lib(Mouse.obj) : warning LNK4099: PDB '' was not found with 'sfml-window-s-d.lib(Mouse.obj)' or at ''; linking object as if no debug info
sfml-window-s-d.lib(GlResource.obj) : warning LNK4099: PDB '' was not found with 'sfml-window-s-d.lib(GlResource.obj)' or at ''; linking object as if no debug info
sfml-window-s-d.lib(GlContext.obj) : warning LNK4099: PDB '' was not found with 'sfml-window-s-d.lib(GlContext.obj)' or at ''; linking object as if no debug info
sfml-window-s-d.lib(WindowImpl.obj) : warning LNK4099: PDB '' was not found with 'sfml-window-s-d.lib(WindowImpl.obj)' or at ''; linking object as if no debug info
sfml-window-s-d.lib(Cursor.obj) : warning LNK4099: PDB '' was not found with 'sfml-window-s-d.lib(Cursor.obj)' or at ''; linking object as if no debug info
sfml-window-s-d.lib(InputImpl.obj) : warning LNK4099: PDB '' was not found with 'sfml-window-s-d.lib(InputImpl.obj)' or at ''; linking object as if no debug info
sfml-window-s-d.lib(VideoModeImpl.obj) : warning LNK4099: PDB '' was not found with 'sfml-window-s-d.lib(VideoModeImpl.obj)' or at ''; linking object as if no debug info
sfml-window-s-d.lib(Context.obj) : warning LNK4099: PDB '' was not found with 'sfml-window-s-d.lib(Context.obj)' or at ''; linking object as if no debug info
sfml-window-s-d.lib(WglContext.obj) : warning LNK4099: PDB '' was not found with 'sfml-window-s-d.lib(WglContext.obj)' or at ''; linking object as if no debug info
sfml-window-s-d.lib(JoystickManager.obj) : warning LNK4099: PDB '' was not found with 'sfml-window-s-d.lib(JoystickManager.obj)' or at ''; linking object as if no debug info
sfml-window-s-d.lib(SensorManager.obj) : warning LNK4099: PDB '' was not found with 'sfml-window-s-d.lib(SensorManager.obj)' or at ''; linking object as if no debug info
sfml-window-s-d.lib(WindowImplWin32.obj) : warning LNK4099: PDB '' was not found with 'sfml-window-s-d.lib(WindowImplWin32.obj)' or at ''; linking object as if no debug info
sfml-window-s-d.lib(VulkanImplWin32.obj) : warning LNK4099: PDB '' was not found with 'sfml-window-s-d.lib(VulkanImplWin32.obj)' or at ''; linking object as if no debug info
sfml-window-s-d.lib(CursorImpl.obj) : warning LNK4099: PDB '' was not found with 'sfml-window-s-d.lib(CursorImpl.obj)' or at ''; linking object as if no debug info
sfml-window-s-d.lib(JoystickImpl.obj) : warning LNK4099: PDB '' was not found with 'sfml-window-s-d.lib(JoystickImpl.obj)' or at ''; linking object as if no debug info
sfml-window-s-d.lib(SensorImpl.obj) : warning LNK4099: PDB '' was not found with 'sfml-window-s-d.lib(SensorImpl.obj)' or at ''; linking object as if no debug info
sfml-graphics-s-d.lib(RenderStates.obj) : warning LNK4099: PDB '' was not found with 'sfml-graphics-s-d.lib(RenderStates.obj)' or at ''; linking object as if no debug info
sfml-graphics-s-d.lib(Transformable.obj) : warning LNK4099: PDB '' was not found with 'sfml-graphics-s-d.lib(Transformable.obj)' or at ''; linking object as if no debug info
sfml-graphics-s-d.lib(Texture.obj) : warning LNK4099: PDB '' was not found with 'sfml-graphics-s-d.lib(Texture.obj)' or at ''; linking object as if no debug info
sfml-graphics-s-d.lib(Font.obj) : warning LNK4099: PDB '' was not found with 'sfml-graphics-s-d.lib(Font.obj)' or at ''; linking object as if no debug info
sfml-graphics-s-d.lib(RenderWindow.obj) : warning LNK4099: PDB '' was not found with 'sfml-graphics-s-d.lib(RenderWindow.obj)' or at ''; linking object as if no debug info
sfml-graphics-s-d.lib(RenderTarget.obj) : warning LNK4099: PDB '' was not found with 'sfml-graphics-s-d.lib(RenderTarget.obj)' or at ''; linking object as if no debug info
sfml-graphics-s-d.lib(Sprite.obj) : warning LNK4099: PDB '' was not found with 'sfml-graphics-s-d.lib(Sprite.obj)' or at ''; linking object as if no debug info
sfml-graphics-s-d.lib(Text.obj) : warning LNK4099: PDB '' was not found with 'sfml-graphics-s-d.lib(Text.obj)' or at ''; linking object as if no debug info
sfml-graphics-s-d.lib(BlendMode.obj) : warning LNK4099: PDB '' was not found with 'sfml-graphics-s-d.lib(BlendMode.obj)' or at ''; linking object as if no debug info
sfml-graphics-s-d.lib(StencilMode.obj) : warning LNK4099: PDB '' was not found with 'sfml-graphics-s-d.lib(StencilMode.obj)' or at ''; linking object as if no debug info
sfml-graphics-s-d.lib(GLExtensions.obj) : warning LNK4099: PDB '' was not found with 'sfml-graphics-s-d.lib(GLExtensions.obj)' or at ''; linking object as if no debug info
sfml-graphics-s-d.lib(GLCheck.obj) : warning LNK4099: PDB '' was not found with 'sfml-graphics-s-d.lib(GLCheck.obj)' or at ''; linking object as if no debug info
sfml-graphics-s-d.lib(Image.obj) : warning LNK4099: PDB '' was not found with 'sfml-graphics-s-d.lib(Image.obj)' or at ''; linking object as if no debug info
sfml-graphics-s-d.lib(TextureSaver.obj) : warning LNK4099: PDB '' was not found with 'sfml-graphics-s-d.lib(TextureSaver.obj)' or at ''; linking object as if no debug info
sfml-graphics-s-d.lib(RenderTextureImplFBO.obj) : warning LNK4099: PDB '' was not found with 'sfml-graphics-s-d.lib(RenderTextureImplFBO.obj)' or at ''; linking object as if no debug info
sfml-graphics-s-d.lib(View.obj) : warning LNK4099: PDB '' was not found with 'sfml-graphics-s-d.lib(View.obj)' or at ''; linking object as if no debug info
sfml-graphics-s-d.lib(Shader.obj) : warning LNK4099: PDB '' was not found with 'sfml-graphics-s-d.lib(Shader.obj)' or at ''; linking object as if no debug info
sfml-graphics-s-d.lib(VertexBuffer.obj) : warning LNK4099: PDB '' was not found with 'sfml-graphics-s-d.lib(VertexBuffer.obj)' or at ''; linking object as if no debug info
sfml-graphics-s-d.lib(VertexArray.obj) : warning LNK4099: PDB '' was not found with 'sfml-graphics-s-d.lib(VertexArray.obj)' or at ''; linking object as if no debug info
sfml-graphics-s-d.lib(Glsl.obj) : warning LNK4099: PDB '' was not found with 'sfml-graphics-s-d.lib(Glsl.obj)' or at ''; linking object as if no debug info
sfml-system-s-d.lib(Err.obj) : warning LNK4099: PDB '' was not found with 'sfml-system-s-d.lib(Err.obj)' or at ''; linking object as if no debug info
sfml-system-s-d.lib(Sleep.obj) : warning LNK4099: PDB '' was not found with 'sfml-system-s-d.lib(Sleep.obj)' or at ''; linking object as if no debug info
sfml-system-s-d.lib(Utils.obj) : warning LNK4099: PDB '' was not found with 'sfml-system-s-d.lib(Utils.obj)' or at ''; linking object as if no debug info
sfml-system-s-d.lib(SleepImpl.obj) : warning LNK4099: PDB '' was not found with 'sfml-system-s-d.lib(SleepImpl.obj)' or at ''; linking object as if no debug info
  OnlyWheat.vcxproj -> C:\Users\laser\Documents\GitHub\OnlyWheat\OnlyWheat\x64\Debug\OnlyWheat.exe
